<?xml version="1.0" encoding="UTF-8"?>
<testng-results skipped="0" failed="0" ignored="0" total="1" passed="1">
  <reporter-output>
  </reporter-output>
  <suite name="Default suite" duration-ms="30269" started-at="2020-02-21T11:20:43 IST" finished-at="2020-02-21T11:21:14 IST">
    <groups>
    </groups>
    <test name="Default test" duration-ms="30269" started-at="2020-02-21T11:20:43 IST" finished-at="2020-02-21T11:21:14 IST">
      <class name="Seleniumdemo.ScrollDownUp">
        <test-method status="PASS" signature="ByPixel()[pri:0, instance:Seleniumdemo.ScrollDownUp@7364985f]" name="ByPixel" duration-ms="30187" started-at="2020-02-21T11:20:43 IST" finished-at="2020-02-21T11:21:13 IST">
          <reporter-output>
          </reporter-output>
        </test-method> <!-- ByPixel -->
      </class> <!-- Seleniumdemo.ScrollDownUp -->
    </test> <!-- Default test -->
  </suite> <!-- Default suite -->
</testng-results>
