<?xml version="1.0" encoding="UTF-8"?>
<!-- Generated by org.testng.reporters.JUnitXMLReporter -->
<testsuite hostname="BLT1216" ignored="1" name="Test" tests="2" failures="0" timestamp="2020-02-17T16:27:45 IST" time="0.078" errors="0">
  <testcase name="testcase2" time="0.016" classname="TestNGdemo.DependsOnGroups"/>
  <testcase name="testcase3" time="0.0" classname="TestNGdemo.DependsOnGroups"/>
  <testcase name="testcase1" time="0.0" classname="TestNGdemo.DependsOnGroups">
    <ignored/>
  </testcase> <!-- testcase1 -->
</testsuite> <!-- Test -->
