<?xml version="1.0" encoding="UTF-8"?>
<testng-results skipped="0" failed="0" ignored="0" total="1" passed="1">
  <reporter-output>
  </reporter-output>
  <suite name="Default suite" duration-ms="1217" started-at="2020-02-28T11:24:48 IST" finished-at="2020-02-28T11:24:49 IST">
    <groups>
    </groups>
    <test name="Default test" duration-ms="1217" started-at="2020-02-28T11:24:48 IST" finished-at="2020-02-28T11:24:49 IST">
      <class name="TestCase.DriverScrp">
        <test-method status="PASS" signature="script()[pri:0, instance:TestCase.DriverScrp@4bbfb90a]" name="script" duration-ms="1123" started-at="2020-02-28T11:24:48 IST" finished-at="2020-02-28T11:24:49 IST">
          <reporter-output>
          </reporter-output>
        </test-method> <!-- script -->
      </class> <!-- TestCase.DriverScrp -->
    </test> <!-- Default test -->
  </suite> <!-- Default suite -->
</testng-results>
