<?xml version="1.0" encoding="UTF-8"?>
<!-- Generated by org.testng.reporters.JUnitXMLReporter -->
<testsuite hostname="BLT1216" ignored="0" name="Default test" tests="3" failures="0" timestamp="2020-03-03T15:10:37 IST" time="25.452" errors="0">
  <testcase name="login" time="2.889" classname="DataProvider.dataprovider"/>
  <testcase name="login" time="2.962" classname="DataProvider.dataprovider"/>
  <testcase name="login" time="2.345" classname="DataProvider.dataprovider"/>
</testsuite> <!-- Default test -->
