<?xml version="1.0" encoding="UTF-8"?>
<testng-results skipped="0" failed="0" ignored="0" total="1" passed="1">
  <reporter-output>
  </reporter-output>
  <suite name="Default suite" duration-ms="50361" started-at="2020-02-19T12:20:41 IST" finished-at="2020-02-19T12:21:31 IST">
    <groups>
    </groups>
    <test name="Default test" duration-ms="50361" started-at="2020-02-19T12:20:41 IST" finished-at="2020-02-19T12:21:31 IST">
      <class name="TestCases.LoginPageTestCase">
        <test-method status="PASS" signature="StartUp()[pri:0, instance:TestCases.LoginPageTestCase@64d7f7e0]" name="StartUp" is-config="true" duration-ms="26004" started-at="2020-02-19T12:20:41 IST" finished-at="2020-02-19T12:21:07 IST">
          <reporter-output>
          </reporter-output>
        </test-method> <!-- StartUp -->
        <test-method status="PASS" signature="Login()[pri:0, instance:TestCases.LoginPageTestCase@64d7f7e0]" name="Login" duration-ms="23200" started-at="2020-02-19T12:21:07 IST" finished-at="2020-02-19T12:21:30 IST">
          <reporter-output>
          </reporter-output>
        </test-method> <!-- Login -->
        <test-method status="PASS" signature="Close()[pri:0, instance:TestCases.LoginPageTestCase@64d7f7e0]" name="Close" is-config="true" duration-ms="1060" started-at="2020-02-19T12:21:30 IST" finished-at="2020-02-19T12:21:31 IST">
          <reporter-output>
          </reporter-output>
        </test-method> <!-- Close -->
      </class> <!-- TestCases.LoginPageTestCase -->
    </test> <!-- Default test -->
  </suite> <!-- Default suite -->
</testng-results>
