<?xml version="1.0" encoding="UTF-8"?>
<testng-results skipped="0" failed="0" ignored="0" total="1" passed="1">
  <reporter-output>
  </reporter-output>
  <suite name="Default suite" duration-ms="7873" started-at="2020-02-20T11:18:53 IST" finished-at="2020-02-20T11:19:01 IST">
    <groups>
    </groups>
    <test name="Default test" duration-ms="7873" started-at="2020-02-20T11:18:53 IST" finished-at="2020-02-20T11:19:01 IST">
      <class name="GradleDemo.BasicTest">
        <test-method status="PASS" signature="key()[pri:0, instance:GradleDemo.BasicTest@22a67b4]" name="key" duration-ms="7789" started-at="2020-02-20T11:18:53 IST" finished-at="2020-02-20T11:19:01 IST">
          <reporter-output>
          </reporter-output>
        </test-method> <!-- key -->
      </class> <!-- GradleDemo.BasicTest -->
    </test> <!-- Default test -->
  </suite> <!-- Default suite -->
</testng-results>
