<?xml version="1.0" encoding="UTF-8"?>
<testng-results skipped="0" failed="0" ignored="0" total="1" passed="1">
  <reporter-output>
  </reporter-output>
  <suite name="Default suite" duration-ms="16942" started-at="2020-02-26T17:32:58 IST" finished-at="2020-02-26T17:33:15 IST">
    <groups>
    </groups>
    <test name="Default test" duration-ms="16942" started-at="2020-02-26T17:32:58 IST" finished-at="2020-02-26T17:33:15 IST">
      <class name="TestCases.TestCase1">
        <test-method status="PASS" signature="StartUp()[pri:0, instance:TestCases.TestCase1@27c6e487]" name="StartUp" is-config="true" duration-ms="11705" started-at="2020-02-26T17:32:58 IST" finished-at="2020-02-26T17:33:10 IST">
          <reporter-output>
          </reporter-output>
        </test-method> <!-- StartUp -->
        <test-method status="PASS" signature="Login()[pri:0, instance:TestCases.TestCase1@27c6e487]" name="Login" duration-ms="2805" started-at="2020-02-26T17:33:10 IST" finished-at="2020-02-26T17:33:12 IST">
          <reporter-output>
          </reporter-output>
        </test-method> <!-- Login -->
        <test-method status="PASS" signature="Close()[pri:0, instance:TestCases.TestCase1@27c6e487]" name="Close" is-config="true" duration-ms="2357" started-at="2020-02-26T17:33:13 IST" finished-at="2020-02-26T17:33:15 IST">
          <reporter-output>
          </reporter-output>
        </test-method> <!-- Close -->
      </class> <!-- TestCases.TestCase1 -->
    </test> <!-- Default test -->
  </suite> <!-- Default suite -->
</testng-results>
